app/build/outputs/logs/manifest-merger-debug-report.txt
-- Merging decision tree log ---
manifest
ADDED from src\main\AndroidManifest.xml:21:1-43:12
INJECTED from src\main\AndroidManifest.xml:21:1-43:12
INJECTED from src\main\AndroidManifest.xml:21:1-43:12
INJECTED from src\main\AndroidManifest.xml:21:1-43:12
INJECTED from src\main\AndroidManifest.xml:21:1-43:12
INJECTED from src\main\AndroidManifest.xml:21:1-43:12
INJECTED from src\main\AndroidManifest.xml:21:1-43:12
	package
		ADDED from src\main\AndroidManifest.xml:23:2-34
		INJECTED from src\main\AndroidManifest.xml
		INJECTED from src\main\AndroidManifest.xml
	android:versionName
		ADDED from src\main\AndroidManifest.xml:25:2-29
		INJECTED from src\main\AndroidManifest.xml
		INJECTED from src\main\AndroidManifest.xml
	xmlns:android
		ADDED from src\main\AndroidManifest.xml:22:2-60
	android:versionCode
		ADDED from src\main\AndroidManifest.xml:24:2-25
		INJECTED from src\main\AndroidManifest.xml
		INJECTED from src\main\AndroidManifest.xml
application
ADDED from src\main\AndroidManifest.xml:26:2-42:15
	android:label
		ADDED from src\main\AndroidManifest.xml:28:3-35
	android:icon
		ADDED from src\main\AndroidManifest.xml:27:3-32
activity#uk.co.sinjakli.trivial.HomeActivity
ADDED from src\main\AndroidManifest.xml:29:3-38:14
	android:label
		ADDED from src\main\AndroidManifest.xml:31:4-36
	android:name
		ADDED from src\main\AndroidManifest.xml:30:4-32
intent-filter#action:name:android.intent.action.MAIN+category:name:android.intent.category.LAUNCHER
ADDED from src\main\AndroidManifest.xml:32:4-37:20
action#android.intent.action.MAIN
ADDED from src\main\AndroidManifest.xml:33:5-34:50
	android:name
		ADDED from src\main\AndroidManifest.xml:34:6-47
category#android.intent.category.LAUNCHER
ADDED from src\main\AndroidManifest.xml:35:5-36:56
	android:name
		ADDED from src\main\AndroidManifest.xml:36:6-53
activity#uk.co.sinjakli.trivial.QuizActivity
ADDED from src\main\AndroidManifest.xml:39:3-40:77
	android:label
		ADDED from src\main\AndroidManifest.xml:40:33-65
	android:name
		ADDED from src\main\AndroidManifest.xml:40:4-32
activity#uk.co.sinjakli.trivial.QuizEndActivity
ADDED from src\main\AndroidManifest.xml:41:2-87
	android:label
		ADDED from src\main\AndroidManifest.xml:41:43-75
	android:name
		ADDED from src\main\AndroidManifest.xml:41:12-42
uses-sdk
INJECTED from src\main\AndroidManifest.xml reason: use-sdk injection requested
INJECTED from src\main\AndroidManifest.xml
INJECTED from src\main\AndroidManifest.xml
INJECTED from src\main\AndroidManifest.xml
INJECTED from src\main\AndroidManifest.xml
	android:targetSdkVersion
		INJECTED from src\main\AndroidManifest.xml
		ADDED from src\main\AndroidManifest.xml
		INJECTED from src\main\AndroidManifest.xml
	android:minSdkVersion
		INJECTED from src\main\AndroidManifest.xml
		ADDED from src\main\AndroidManifest.xml
		INJECTED from src\main\AndroidManifest.xml